15:46:31.141 [main] INFO  org.testng.internal.Utils - [TestNG] Running:
  /Users/komalk/Desktop/opencart/Framework/Opencart/src/test/master.xml

15:46:34.606 [main] INFO  testCases.TC002_LoginTest - -----Starting LoginTest-----
15:46:34.957 [main] INFO  testCases.TC002_LoginTest - Clicked login 
15:46:35.106 [main] INFO  testCases.TC002_LoginTest - Clicked on Login Button
15:47:25.883 [main] INFO  org.testng.internal.Utils - [TestNG] Running:
  /Users/komalk/Desktop/opencart/Framework/Opencart/src/test/master.xml

15:47:29.044 [main] INFO  testCases.TC001_AccountRegisterTest - -----Starting TC001_AccountRegisterTest-----
15:47:29.938 [main] INFO  testCases.TC001_AccountRegisterTest - Clicked on My Account and Register option
15:47:29.939 [main] INFO  testCases.TC001_AccountRegisterTest - Providing Details..
15:47:41.577 [main] INFO  testCases.TC001_AccountRegisterTest - Validating the message
15:47:41.608 [main] INFO  testCases.TC001_AccountRegisterTest - ----Finished TC001_AccountRegistrationTest----
15:47:44.661 [main] INFO  testCases.TC002_LoginTest - -----Starting LoginTest-----
15:47:45.076 [main] INFO  testCases.TC002_LoginTest - Clicked login 
15:47:45.225 [main] INFO  testCases.TC002_LoginTest - Clicked on Login Button
15:49:12.483 [main] INFO  org.testng.internal.Utils - [TestNG] Running:
  /Users/komalk/Desktop/opencart/Framework/Opencart/src/test/master.xml

15:49:16.876 [main] INFO  testCases.TC003_LoginDataDrivenTest - ----Starting TC003_LoginDataDrivenTest------
15:49:17.347 [main] INFO  testCases.TC003_LoginDataDrivenTest - Clicked login 
15:49:17.490 [main] INFO  testCases.TC003_LoginDataDrivenTest - Clicked on Login Button
15:49:28.072 [main] INFO  testCases.TC003_LoginDataDrivenTest - ----Starting TC003_LoginDataDrivenTest------
15:49:28.980 [main] INFO  testCases.TC003_LoginDataDrivenTest - Clicked login 
15:49:29.057 [main] INFO  testCases.TC003_LoginDataDrivenTest - Clicked on Login Button
15:49:39.647 [main] INFO  testCases.TC003_LoginDataDrivenTest - ----Finished TC003_LoginDataDrivenTest------
15:49:39.651 [main] INFO  testCases.TC003_LoginDataDrivenTest - ----Starting TC003_LoginDataDrivenTest------
15:49:40.480 [main] INFO  testCases.TC003_LoginDataDrivenTest - Clicked login 
15:49:40.555 [main] INFO  testCases.TC003_LoginDataDrivenTest - Clicked on Login Button
15:49:51.255 [main] INFO  testCases.TC003_LoginDataDrivenTest - ----Finished TC003_LoginDataDrivenTest------
15:49:51.257 [main] INFO  testCases.TC003_LoginDataDrivenTest - ----Starting TC003_LoginDataDrivenTest------
15:49:52.021 [main] INFO  testCases.TC003_LoginDataDrivenTest - Clicked login 
15:49:52.096 [main] INFO  testCases.TC003_LoginDataDrivenTest - Clicked on Login Button
15:50:02.112 [main] INFO  testCases.TC003_LoginDataDrivenTest - ----Finished TC003_LoginDataDrivenTest------
15:50:02.115 [main] INFO  testCases.TC003_LoginDataDrivenTest - ----Starting TC003_LoginDataDrivenTest------
15:50:02.850 [main] INFO  testCases.TC003_LoginDataDrivenTest - Clicked login 
15:50:02.926 [main] INFO  testCases.TC003_LoginDataDrivenTest - Clicked on Login Button
15:50:04.356 [main] INFO  testCases.TC003_LoginDataDrivenTest - ----Finished TC003_LoginDataDrivenTest------
15:50:04.359 [main] INFO  testCases.TC003_LoginDataDrivenTest - ----Starting TC003_LoginDataDrivenTest------
15:50:04.989 [main] INFO  testCases.TC003_LoginDataDrivenTest - Clicked login 
15:50:05.062 [main] INFO  testCases.TC003_LoginDataDrivenTest - Clicked on Login Button
15:50:15.091 [main] INFO  testCases.TC003_LoginDataDrivenTest - ----Finished TC003_LoginDataDrivenTest------
15:50:15.091 [main] INFO  testCases.TC003_LoginDataDrivenTest - ----Starting TC003_LoginDataDrivenTest------
15:50:16.160 [main] INFO  testCases.TC003_LoginDataDrivenTest - Clicked login 
15:50:16.235 [main] INFO  testCases.TC003_LoginDataDrivenTest - Clicked on Login Button
15:50:26.245 [main] INFO  testCases.TC003_LoginDataDrivenTest - ----Finished TC003_LoginDataDrivenTest------
15:50:26.247 [main] INFO  testCases.TC003_LoginDataDrivenTest - ----Starting TC003_LoginDataDrivenTest------
15:50:27.283 [main] INFO  testCases.TC003_LoginDataDrivenTest - Clicked login 
15:50:27.352 [main] INFO  testCases.TC003_LoginDataDrivenTest - Clicked on Login Button
15:50:37.412 [main] INFO  testCases.TC003_LoginDataDrivenTest - ----Finished TC003_LoginDataDrivenTest------
15:53:12.126 [main] INFO  org.testng.internal.Utils - [TestNG] Running:
  /Users/komalk/Desktop/opencart/Framework/Opencart/src/test/master.xml

15:53:15.857 [main] INFO  testCases.TC003_LoginDataDrivenTest - ----Starting TC003_LoginDataDrivenTest------
15:53:16.238 [main] INFO  testCases.TC003_LoginDataDrivenTest - Clicked login 
15:53:16.391 [main] INFO  testCases.TC003_LoginDataDrivenTest - Clicked on Login Button
11:08:26.351 [main] INFO  testCases.TC002_LoginTest - -----Starting LoginTest-----
11:08:26.788 [main] INFO  testCases.TC002_LoginTest - Clicked login 
11:08:26.936 [main] INFO  testCases.TC002_LoginTest - Clicked on Login Button
